TN:
SF:src/density.ts
FN:25,lookupDensity
FN:34,convertWithDensity
FNF:2
FNH:2
FNDA:9,lookupDensity
FNDA:9,convertWithDensity
DA:2,1
DA:5,1
DA:6,1
DA:7,1
DA:8,1
DA:9,1
DA:10,1
DA:11,1
DA:12,1
DA:13,1
DA:14,1
DA:15,1
DA:16,1
DA:17,1
DA:18,1
DA:19,1
DA:20,1
DA:21,1
DA:22,1
DA:23,1
DA:25,1
DA:26,9
DA:27,9
DA:34,1
DA:35,9
DA:36,9
DA:37,9
DA:38,9
DA:39,9
DA:40,9
DA:41,9
DA:43,9
DA:44,9
DA:45,9
DA:46,9
DA:48,9
DA:49,9
DA:51,9
DA:52,4
DA:53,4
DA:54,3
DA:56,2
DA:57,2
DA:58,2
DA:59,3
DA:61,1
DA:62,1
DA:63,1
DA:64,1
DA:65,3
DA:67,1
DA:68,1
DA:71,3
DA:72,3
LF:54
LH:54
BRDA:25,0,0,9
BRDA:26,1,0,3
BRDA:34,2,0,9
BRDA:40,3,0,1
BRDA:40,4,0,8
BRDA:41,5,0,1
BRDA:41,6,0,7
BRDA:43,7,0,6
BRDA:43,8,0,1
BRDA:44,9,0,6
BRDA:44,10,0,1
BRDA:45,11,0,6
BRDA:45,12,0,1
BRDA:46,13,0,6
BRDA:46,14,0,1
BRDA:48,15,0,5
BRDA:49,16,0,1
BRDA:51,17,0,4
BRDA:51,18,0,4
BRDA:51,19,0,4
BRDA:53,20,0,3
BRDA:54,21,0,2
BRDA:59,22,0,1
BRDA:65,23,0,1
BRDA:68,24,0,3
BRF:25
BRH:25
end_of_record
TN:
SF:src/fixtures.ts
FNF:0
FNH:0
DA:3,1
DA:4,1
DA:5,1
DA:6,1
DA:7,1
DA:8,1
DA:9,1
DA:10,1
DA:11,1
DA:12,1
DA:13,1
DA:14,1
DA:15,1
DA:16,1
DA:17,1
DA:18,1
DA:19,1
DA:20,1
DA:21,1
DA:22,1
DA:23,1
DA:24,1
DA:25,1
DA:26,1
DA:27,1
DA:28,1
DA:29,1
DA:30,1
DA:31,1
DA:32,1
DA:33,1
DA:34,1
DA:35,1
DA:36,1
DA:37,1
DA:38,1
DA:39,1
DA:40,1
DA:41,1
DA:42,1
DA:43,1
DA:44,1
DA:45,1
DA:46,1
DA:47,1
DA:48,1
DA:49,1
DA:50,1
DA:51,1
DA:52,1
DA:53,1
DA:54,1
DA:55,1
DA:56,1
DA:57,1
DA:58,1
DA:59,1
DA:60,1
DA:61,1
DA:62,1
DA:63,1
DA:64,1
DA:65,1
DA:66,1
DA:67,1
DA:68,1
DA:69,1
DA:70,1
DA:71,1
DA:72,1
DA:73,1
LF:71
LH:71
BRF:0
BRH:0
end_of_record
TN:
SF:src/index.ts
FNF:0
FNH:0
DA:3,1
DA:5,1
DA:6,1
DA:7,1
DA:8,1
DA:9,1
DA:10,1
DA:11,1
DA:12,1
LF:9
LH:9
BRF:0
BRH:0
end_of_record
TN:
SF:src/menu.ts
FNF:0
FNH:0
DA:1,1
DA:3,1
DA:6,1
DA:7,1
DA:8,1
DA:9,1
DA:10,1
DA:14,1
DA:15,1
DA:16,1
DA:17,1
DA:18,1
DA:19,1
DA:22,1
DA:23,1
DA:24,1
DA:25,1
DA:26,1
DA:27,1
DA:30,1
DA:31,1
DA:32,1
DA:33,1
LF:23
LH:23
BRF:0
BRH:0
end_of_record
TN:
SF:src/scaling.ts
FN:6,scaleQuantity
FNF:1
FNH:1
FNDA:6,scaleQuantity
DA:6,1
DA:7,6
DA:8,6
DA:9,6
DA:10,6
DA:11,6
DA:12,6
DA:13,4
DA:14,4
DA:15,4
LF:10
LH:10
BRDA:6,0,0,6
BRDA:11,1,0,1
BRDA:11,2,0,5
BRDA:12,3,0,1
BRDA:12,4,0,4
BRF:5
BRH:5
end_of_record
TN:
SF:src/schema.ts
FNF:0
FNH:0
DA:1,1
DA:4,1
DA:6,1
DA:7,1
DA:8,1
DA:9,1
DA:10,1
DA:12,1
DA:13,1
DA:15,1
DA:16,1
DA:17,1
DA:18,1
DA:19,1
DA:23,1
DA:24,1
DA:25,1
DA:26,1
DA:27,1
DA:28,1
DA:29,1
DA:30,1
DA:31,1
DA:35,1
DA:36,1
DA:37,1
DA:38,1
DA:39,1
DA:40,1
DA:41,1
DA:45,1
DA:46,1
DA:47,1
DA:48,1
DA:49,1
DA:50,1
DA:54,1
DA:55,1
DA:56,1
DA:57,1
DA:58,1
DA:59,1
DA:60,1
DA:61,1
DA:62,1
DA:66,1
DA:67,1
DA:68,1
DA:69,1
DA:70,1
DA:71,1
DA:75,1
DA:76,1
DA:77,1
DA:78,1
DA:79,1
DA:80,1
DA:81,1
DA:82,1
DA:86,1
DA:87,1
DA:88,1
DA:89,1
DA:90,1
DA:94,1
DA:95,1
DA:96,1
DA:97,1
DA:98,1
DA:101,1
DA:102,1
DA:103,1
DA:104,1
DA:105,1
DA:106,1
DA:107,1
DA:108,1
DA:109,1
DA:110,1
DA:111,1
DA:112,1
DA:113,1
DA:114,1
DA:115,1
DA:116,1
DA:117,1
DA:118,1
DA:119,1
DA:120,1
DA:121,1
DA:122,1
DA:123,1
DA:127,1
DA:128,1
DA:129,1
DA:130,1
DA:131,1
DA:135,1
LF:98
LH:98
BRF:0
BRH:0
end_of_record
TN:
SF:src/shopping.ts
FN:17,normalizeKey
FN:21,toGrams
FN:25,toMl
FN:31,tryMerge
FN:96,aggregateIngredients
FNF:5
FNH:5
FNDA:32,normalizeKey
FNDA:6,toGrams
FNDA:4,toMl
FNDA:18,tryMerge
FNDA:18,aggregateIngredients
DA:2,1
DA:3,1
DA:17,32
DA:18,32
DA:19,32
DA:21,6
DA:22,6
DA:23,6
DA:25,4
DA:26,4
DA:27,4
DA:31,18
DA:32,18
DA:35,7
DA:36,7
DA:37,7
DA:39,18
DA:40,14
DA:41,2
DA:42,2
DA:43,2
DA:44,14
DA:45,6
DA:46,6
DA:47,4
DA:48,6
DA:49,2
DA:50,2
DA:51,14
DA:53,7
DA:56,18
DA:57,5
DA:58,5
DA:59,5
DA:60,5
DA:61,5
DA:62,5
DA:65,18
DA:66,3
DA:67,3
DA:68,3
DA:71,18
DA:72,2
DA:73,2
DA:74,1
DA:75,1
DA:76,1
DA:78,1
DA:79,1
DA:80,1
DA:81,2
DA:84,18
DA:85,4
DA:86,4
DA:88,7
DA:89,7
DA:96,1
DA:98,18
DA:100,18
DA:101,34
DA:102,34
DA:103,34
DA:104,34
DA:105,7
DA:106,7
DA:107,6
DA:108,1
DA:109,34
DA:110,25
DA:111,25
DA:112,34
DA:115,18
DA:116,18
DA:117,25
DA:118,25
DA:119,25
DA:120,25
DA:123,18
DA:124,18
DA:125,18
DA:126,18
DA:128,18
DA:129,18
LF:83
LH:83
BRDA:17,0,0,32
BRDA:21,1,0,6
BRDA:25,2,0,4
BRDA:31,3,0,18
BRDA:32,4,0,11
BRDA:32,5,0,7
BRDA:39,6,0,14
BRDA:40,7,0,2
BRDA:43,8,0,12
BRDA:44,9,0,11
BRDA:44,10,0,6
BRDA:46,11,0,5
BRDA:46,12,0,4
BRDA:48,13,0,2
BRDA:51,14,0,7
BRDA:56,15,0,5
BRDA:62,16,0,7
BRDA:65,17,0,3
BRDA:68,18,0,7
BRDA:71,19,0,5
BRDA:71,20,0,2
BRDA:71,21,0,2
BRDA:73,22,0,1
BRDA:81,23,0,7
BRDA:84,24,0,4
BRDA:86,25,0,7
BRDA:58,26,0,6
BRDA:66,27,0,4
BRDA:74,28,0,1
BRDA:75,29,0,2
BRDA:96,30,0,18
BRDA:100,31,0,34
BRDA:101,32,0,30
BRDA:101,33,0,2
BRDA:101,34,0,32
BRDA:102,35,0,5
BRDA:104,36,0,7
BRDA:106,37,0,6
BRDA:106,38,0,6
BRDA:107,39,0,1
BRDA:109,40,0,25
BRDA:116,41,0,25
BRDA:118,42,0,18
BRDA:128,43,0,9
BRF:44
BRH:44
end_of_record
TN:
SF:src/taxonomy.ts
FNF:0
FNH:0
DA:1,1
DA:4,1
DA:5,1
DA:6,1
DA:7,1
DA:8,1
DA:9,1
DA:10,1
DA:11,1
DA:14,1
DA:18,1
DA:19,1
DA:20,1
DA:21,1
DA:22,1
DA:23,1
DA:24,1
DA:25,1
DA:26,1
DA:29,1
DA:30,1
DA:31,1
DA:32,1
DA:33,1
DA:34,1
DA:35,1
DA:38,1
DA:41,1
DA:42,1
DA:43,1
DA:44,1
DA:45,1
DA:46,1
DA:47,1
DA:48,1
DA:49,1
DA:50,1
DA:51,1
DA:52,1
DA:53,1
DA:56,1
DA:57,1
DA:58,1
DA:59,1
DA:60,1
DA:61,1
DA:65,1
DA:66,1
DA:67,1
DA:68,1
DA:69,1
DA:70,1
DA:71,1
DA:72,1
DA:73,1
DA:74,1
DA:77,1
DA:78,1
DA:79,1
DA:80,1
DA:81,1
DA:85,1
DA:88,1
DA:89,1
DA:90,1
DA:91,1
DA:92,1
DA:93,1
DA:97,1
DA:98,1
DA:102,1
DA:103,1
DA:104,1
DA:105,1
DA:106,1
DA:107,1
DA:108,1
DA:109,1
DA:112,1
DA:113,1
DA:114,1
DA:115,1
DA:116,1
DA:120,1
DA:121,1
DA:122,1
DA:123,1
DA:124,1
DA:125,1
DA:126,1
DA:127,1
DA:130,1
DA:131,1
DA:132,1
DA:133,1
DA:134,1
LF:96
LH:96
BRF:0
BRH:0
end_of_record
TN:
SF:src/units.ts
FN:22,convertUnit
FNF:1
FNH:1
FNDA:15,convertUnit
DA:4,1
DA:5,1
DA:6,1
DA:7,1
DA:8,1
DA:9,1
DA:10,1
DA:12,1
DA:13,1
DA:14,1
DA:15,1
DA:22,1
DA:23,15
DA:24,15
DA:25,15
DA:28,8
DA:29,8
DA:30,15
DA:31,5
DA:32,5
DA:35,3
DA:36,3
DA:37,15
DA:38,2
DA:39,2
DA:42,1
DA:43,1
LF:27
LH:27
BRDA:22,0,0,15
BRDA:23,1,0,1
BRDA:23,2,0,14
BRDA:24,3,0,2
BRDA:24,4,0,12
BRDA:25,5,0,10
BRDA:25,6,0,4
BRDA:25,7,0,13
BRDA:25,8,0,8
BRDA:30,9,0,6
BRDA:30,10,0,5
BRDA:32,11,0,12
BRDA:32,12,0,3
BRDA:37,13,0,2
BRDA:37,14,0,12
BRDA:37,15,0,2
BRDA:39,16,0,1
BRF:17
BRH:17
end_of_record
