TN:
SF:src/aisle.ts
FN:204,ingredientAisle
FNF:1
FNH:1
FNDA:27,ingredientAisle
DA:1,1
DA:23,1
DA:24,1
DA:25,1
DA:26,1
DA:27,1
DA:28,1
DA:29,1
DA:30,1
DA:31,1
DA:32,1
DA:33,1
DA:34,1
DA:35,1
DA:37,1
DA:38,1
DA:39,1
DA:40,1
DA:41,1
DA:42,1
DA:43,1
DA:44,1
DA:45,1
DA:46,1
DA:47,1
DA:48,1
DA:49,1
DA:54,1
DA:55,1
DA:56,1
DA:57,1
DA:58,1
DA:59,1
DA:60,1
DA:61,1
DA:62,1
DA:63,1
DA:64,1
DA:65,1
DA:66,1
DA:67,1
DA:68,1
DA:69,1
DA:70,1
DA:71,1
DA:72,1
DA:73,1
DA:74,1
DA:75,1
DA:76,1
DA:77,1
DA:78,1
DA:79,1
DA:80,1
DA:81,1
DA:82,1
DA:83,1
DA:84,1
DA:85,1
DA:86,1
DA:87,1
DA:88,1
DA:89,1
DA:90,1
DA:91,1
DA:92,1
DA:93,1
DA:94,1
DA:95,1
DA:96,1
DA:97,1
DA:98,1
DA:99,1
DA:100,1
DA:101,1
DA:102,1
DA:103,1
DA:104,1
DA:105,1
DA:106,1
DA:107,1
DA:108,1
DA:109,1
DA:110,1
DA:111,1
DA:112,1
DA:113,1
DA:114,1
DA:115,1
DA:116,1
DA:117,1
DA:118,1
DA:119,1
DA:120,1
DA:121,1
DA:122,1
DA:123,1
DA:124,1
DA:125,1
DA:126,1
DA:127,1
DA:128,1
DA:129,1
DA:130,1
DA:131,1
DA:132,1
DA:133,1
DA:134,1
DA:135,1
DA:136,1
DA:137,1
DA:138,1
DA:139,1
DA:140,1
DA:141,1
DA:142,1
DA:143,1
DA:144,1
DA:145,1
DA:146,1
DA:147,1
DA:148,1
DA:149,1
DA:150,1
DA:151,1
DA:152,1
DA:153,1
DA:154,1
DA:155,1
DA:156,1
DA:157,1
DA:158,1
DA:159,1
DA:160,1
DA:161,1
DA:162,1
DA:163,1
DA:164,1
DA:165,1
DA:166,1
DA:167,1
DA:168,1
DA:169,1
DA:170,1
DA:171,1
DA:172,1
DA:173,1
DA:174,1
DA:175,1
DA:176,1
DA:177,1
DA:178,1
DA:179,1
DA:180,1
DA:181,1
DA:182,1
DA:183,1
DA:184,1
DA:185,1
DA:186,1
DA:187,1
DA:191,1
DA:192,1
DA:193,1
DA:194,1
DA:195,1
DA:196,1
DA:197,1
DA:198,1
DA:199,1
DA:200,1
DA:201,1
DA:202,1
DA:204,1
DA:205,27
DA:206,27
DA:207,26
DA:208,27
DA:209,189
DA:210,1682
DA:211,1682
DA:212,1682
DA:213,164
DA:214,1
DA:215,1
LF:185
LH:185
BRDA:204,0,0,27
BRDA:206,1,0,1
BRDA:206,2,0,26
BRDA:208,3,0,189
BRDA:209,4,0,1682
BRDA:210,5,0,17
BRDA:210,6,0,1665
BRDA:211,7,0,25
BRDA:212,8,0,164
BRDA:213,9,0,1
BRF:10
BRH:10
end_of_record
TN:
SF:src/allergen.ts
FN:21,ingredientHasAllergen
FNF:1
FNH:1
FNDA:11,ingredientHasAllergen
DA:1,1
DA:9,1
DA:10,1
DA:11,1
DA:12,1
DA:13,1
DA:21,1
DA:22,11
DA:23,11
DA:24,11
DA:25,11
DA:26,11
DA:27,11
LF:13
LH:13
BRDA:21,0,0,11
BRDA:24,1,0,10
BRDA:24,2,0,2
BRDA:24,3,0,9
BRDA:25,4,0,2
BRDA:26,5,0,15
BRF:6
BRH:6
end_of_record
TN:
SF:src/dayNutrition.ts
FN:50,round1
FN:54,addScaled
FN:63,roundTotals
FN:78,computeDayNutrition
FNF:4
FNH:4
FNDA:40,round1
FNDA:13,addScaled
FNDA:10,roundTotals
FNDA:8,computeDayNutrition
DA:48,1
DA:50,40
DA:51,40
DA:52,40
DA:54,13
DA:55,13
DA:56,13
DA:57,13
DA:58,13
DA:59,13
DA:60,13
DA:61,13
DA:63,10
DA:64,10
DA:65,10
DA:66,10
DA:67,10
DA:68,10
DA:69,10
DA:70,10
DA:78,1
DA:79,8
DA:80,8
DA:81,8
DA:82,8
DA:83,8
DA:84,8
DA:86,8
DA:87,12
DA:88,2
DA:89,2
DA:90,2
DA:91,10
DA:92,12
DA:93,3
DA:94,3
DA:95,3
DA:96,12
DA:98,8
DA:100,8
DA:101,5
DA:102,5
DA:103,5
DA:104,5
DA:105,5
DA:106,5
DA:107,3
DA:109,8
DA:110,5
DA:111,5
DA:112,5
DA:113,5
DA:114,5
DA:115,5
DA:116,5
DA:117,3
DA:119,8
DA:120,2
DA:121,2
DA:122,8
DA:124,8
DA:125,8
DA:126,8
DA:127,8
DA:128,8
DA:129,8
DA:130,8
DA:131,8
DA:132,8
LF:69
LH:69
BRDA:50,0,0,40
BRDA:54,1,0,13
BRDA:63,2,0,10
BRDA:78,3,0,8
BRDA:86,4,0,12
BRDA:87,5,0,2
BRDA:90,6,0,10
BRDA:92,7,0,3
BRDA:93,8,0,2
BRDA:100,9,0,5
BRDA:106,10,0,3
BRDA:109,11,0,5
BRDA:111,12,0,4
BRDA:111,13,0,1
BRDA:113,14,0,3
BRDA:113,15,0,2
BRDA:114,16,0,4
BRDA:114,17,0,1
BRDA:115,18,0,3
BRDA:115,19,0,2
BRDA:116,20,0,3
BRDA:119,21,0,2
BRF:22
BRH:22
end_of_record
TN:
SF:src/density.ts
FN:25,lookupDensity
FN:34,convertWithDensity
FNF:2
FNH:2
FNDA:9,lookupDensity
FNDA:9,convertWithDensity
DA:2,1
DA:5,1
DA:6,1
DA:7,1
DA:8,1
DA:9,1
DA:10,1
DA:11,1
DA:12,1
DA:13,1
DA:14,1
DA:15,1
DA:16,1
DA:17,1
DA:18,1
DA:19,1
DA:20,1
DA:21,1
DA:22,1
DA:23,1
DA:25,1
DA:26,9
DA:27,9
DA:34,1
DA:35,9
DA:36,9
DA:37,9
DA:38,9
DA:39,9
DA:40,9
DA:41,9
DA:43,9
DA:44,9
DA:45,9
DA:46,9
DA:48,9
DA:49,9
DA:51,9
DA:52,4
DA:53,4
DA:54,3
DA:56,2
DA:57,2
DA:58,2
DA:59,3
DA:61,1
DA:62,1
DA:63,1
DA:64,1
DA:65,3
DA:67,1
DA:68,1
DA:71,3
DA:72,3
LF:54
LH:54
BRDA:25,0,0,9
BRDA:26,1,0,3
BRDA:34,2,0,9
BRDA:40,3,0,1
BRDA:40,4,0,8
BRDA:41,5,0,1
BRDA:41,6,0,7
BRDA:43,7,0,6
BRDA:43,8,0,1
BRDA:44,9,0,6
BRDA:44,10,0,1
BRDA:45,11,0,6
BRDA:45,12,0,1
BRDA:46,13,0,6
BRDA:46,14,0,1
BRDA:48,15,0,5
BRDA:49,16,0,1
BRDA:51,17,0,4
BRDA:51,18,0,4
BRDA:51,19,0,4
BRDA:53,20,0,3
BRDA:54,21,0,2
BRDA:59,22,0,1
BRDA:65,23,0,1
BRDA:68,24,0,3
BRF:25
BRH:25
end_of_record
TN:
SF:src/fixtures.ts
FNF:0
FNH:0
DA:3,1
DA:4,1
DA:5,1
DA:6,1
DA:7,1
DA:8,1
DA:9,1
DA:10,1
DA:11,1
DA:12,1
DA:13,1
DA:14,1
DA:15,1
DA:16,1
DA:17,1
DA:18,1
DA:19,1
DA:20,1
DA:21,1
DA:22,1
DA:23,1
DA:24,1
DA:25,1
DA:26,1
DA:27,1
DA:28,1
DA:29,1
DA:30,1
DA:31,1
DA:32,1
DA:33,1
DA:34,1
DA:35,1
DA:36,1
DA:37,1
DA:38,1
DA:39,1
DA:40,1
DA:41,1
DA:42,1
DA:43,1
DA:44,1
DA:45,1
DA:46,1
DA:47,1
DA:48,1
DA:49,1
DA:50,1
DA:51,1
DA:52,1
DA:53,1
DA:54,1
DA:55,1
DA:56,1
DA:57,1
DA:58,1
DA:59,1
DA:60,1
DA:61,1
DA:62,1
DA:63,1
DA:64,1
DA:65,1
DA:66,1
DA:67,1
DA:68,1
DA:69,1
DA:70,1
DA:71,1
DA:72,1
DA:73,1
LF:71
LH:71
BRF:0
BRH:0
end_of_record
TN:
SF:src/index.ts
FNF:0
FNH:0
DA:3,1
DA:5,1
DA:6,1
DA:7,1
DA:8,1
DA:9,1
DA:10,1
DA:11,1
DA:12,1
DA:13,1
DA:14,1
DA:15,1
DA:16,1
DA:17,1
DA:18,1
LF:15
LH:15
BRF:0
BRH:0
end_of_record
TN:
SF:src/ingredientCanonical.ts
FN:57,isPresentation
FN:83,stripPresentation
FN:98,normalizeIngredientKey
FN:114,resolveCanonical
FNF:4
FNH:4
FNDA:67,isPresentation
FNDA:43,stripPresentation
FNDA:32,normalizeIngredientKey
FNDA:5,resolveCanonical
DA:1,1
DA:18,1
DA:19,1
DA:20,1
DA:21,1
DA:22,1
DA:23,1
DA:24,1
DA:25,1
DA:26,1
DA:27,1
DA:28,1
DA:29,1
DA:30,1
DA:31,1
DA:32,1
DA:33,1
DA:34,1
DA:35,1
DA:36,1
DA:37,1
DA:38,1
DA:39,1
DA:40,1
DA:41,1
DA:42,1
DA:43,1
DA:44,1
DA:45,1
DA:46,1
DA:47,1
DA:48,1
DA:49,1
DA:50,1
DA:51,1
DA:52,1
DA:53,1
DA:54,1
DA:55,1
DA:57,67
DA:58,67
DA:59,67
DA:63,1
DA:64,1
DA:65,1
DA:66,1
DA:67,1
DA:68,1
DA:69,1
DA:70,1
DA:71,1
DA:72,1
DA:73,1
DA:74,1
DA:75,1
DA:76,1
DA:80,1
DA:83,1
DA:84,43
DA:85,43
DA:86,516
DA:87,516
DA:88,43
DA:89,43
DA:90,43
DA:91,43
DA:93,43
DA:94,43
DA:95,43
DA:98,1
DA:99,32
DA:100,32
DA:114,1
DA:115,5
DA:116,5
DA:117,5
DA:118,5
DA:119,5
DA:120,5
DA:121,5
DA:122,5
DA:123,1
DA:124,1
LF:83
LH:83
BRDA:57,0,0,67
BRDA:58,1,0,61
BRDA:83,2,0,43
BRDA:85,3,0,516
BRDA:94,4,0,40
BRDA:94,5,0,3
BRDA:91,6,0,69
BRDA:91,7,0,67
BRDA:93,8,0,56
BRDA:98,9,0,32
BRDA:114,10,0,5
BRDA:121,11,0,3
BRDA:121,12,0,2
BRDA:122,13,0,1
BRF:14
BRH:14
end_of_record
TN:
SF:src/ingredientName.ts
FN:12,stripAccents
FN:16,singularizeWord
FN:27,normalizeIngredientName
FNF:3
FNH:3
FNDA:123,stripAccents
FNDA:162,singularizeWord
FNDA:123,normalizeIngredientName
DA:12,123
DA:13,123
DA:14,123
DA:16,162
DA:17,162
DA:19,162
DA:21,162
DA:23,162
DA:24,101
DA:25,101
DA:27,1
DA:28,123
DA:29,123
DA:30,123
DA:31,123
DA:32,123
DA:33,123
DA:34,123
DA:35,123
LF:19
LH:19
BRDA:12,0,0,123
BRDA:16,1,0,162
BRDA:17,2,0,25
BRDA:17,3,0,137
BRDA:19,4,0,3
BRDA:19,5,0,149
BRDA:19,6,0,134
BRDA:21,7,0,118
BRDA:21,8,0,5
BRDA:21,9,0,129
BRDA:23,10,0,148
BRDA:23,11,0,28
BRDA:23,12,0,101
BRDA:27,13,0,123
BRF:14
BRH:14
end_of_record
TN:
SF:src/menu.ts
FNF:0
FNH:0
DA:1,1
DA:3,1
DA:6,1
DA:7,1
DA:8,1
DA:9,1
DA:10,1
DA:14,1
DA:15,1
DA:16,1
DA:17,1
DA:18,1
DA:19,1
DA:22,1
DA:23,1
DA:24,1
DA:25,1
DA:26,1
DA:27,1
DA:30,1
DA:31,1
DA:32,1
DA:33,1
LF:23
LH:23
BRF:0
BRH:0
end_of_record
TN:
SF:src/recipeImport.ts
FN:23,parseIsoDuration
FN:30,firstNumber
FN:39,asText
FN:48,collectSteps
FN:75,typeMatchesRecipe
FN:82,findRecipeNode
FN:97,normalizeImage
FN:107,normalizeNutrition
FN:120,parseRecipeFromHtml
FN:164,htmlToText
FNF:10
FNH:10
FNDA:45,parseIsoDuration
FNDA:21,firstNumber
FNDA:26,asText
FNDA:14,collectSteps
FNDA:18,typeMatchesRecipe
FNDA:21,findRecipeNode
FNDA:14,normalizeImage
FNDA:13,normalizeNutrition
FNDA:17,parseRecipeFromHtml
FNDA:3,htmlToText
DA:23,1
DA:24,45
DA:25,7
DA:26,45
DA:27,45
DA:28,45
DA:30,21
DA:31,21
DA:32,21
DA:33,5
DA:34,5
DA:35,5
DA:36,15
DA:37,15
DA:39,26
DA:40,26
DA:41,26
DA:42,2
DA:43,2
DA:44,2
DA:45,10
DA:46,10
DA:48,14
DA:49,14
DA:50,2
DA:51,2
DA:52,2
DA:53,2
DA:54,2
DA:55,14
DA:56,7
DA:57,14
DA:58,8
DA:59,4
DA:60,4
DA:61,4
DA:62,4
DA:64,4
DA:65,1
DA:66,4
DA:67,3
DA:68,3
DA:69,3
DA:70,4
DA:71,8
DA:72,7
DA:73,7
DA:75,18
DA:76,18
DA:77,18
DA:78,5
DA:79,5
DA:82,21
DA:83,21
DA:84,21
DA:85,2
DA:86,4
DA:87,4
DA:88,4
DA:89,1
DA:90,1
DA:91,18
DA:92,21
DA:93,21
DA:94,4
DA:95,4
DA:97,14
DA:98,14
DA:99,14
DA:100,14
DA:101,1
DA:102,1
DA:103,1
DA:104,10
DA:105,10
DA:107,13
DA:108,13
DA:109,2
DA:110,2
DA:111,2
DA:112,2
DA:113,2
DA:114,2
DA:115,2
DA:116,13
DA:117,13
DA:120,1
DA:125,17
DA:126,17
DA:127,17
DA:128,20
DA:129,20
DA:130,18
DA:131,18
DA:132,17
DA:133,17
DA:134,17
DA:135,20
DA:136,1
DA:137,1
DA:138,16
DA:139,16
DA:141,13
DA:142,6
DA:143,7
DA:144,20
DA:146,20
DA:147,20
DA:148,20
DA:149,20
DA:150,20
DA:151,20
DA:152,20
DA:153,20
DA:154,20
DA:155,20
DA:156,20
DA:157,20
DA:158,20
DA:159,20
DA:160,4
DA:161,4
DA:164,1
DA:165,3
DA:166,3
DA:167,3
DA:168,3
DA:169,3
DA:170,3
DA:171,3
DA:172,3
DA:173,3
LF:132
LH:132
BRDA:23,0,0,45
BRDA:24,1,0,38
BRDA:24,2,0,7
BRDA:26,3,0,6
BRDA:26,4,0,3
BRDA:26,5,0,2
BRDA:26,6,0,5
BRDA:27,7,0,3
BRDA:27,8,0,2
BRDA:27,9,0,3
BRDA:27,10,0,2
BRDA:30,11,0,21
BRDA:31,12,0,1
BRDA:31,13,0,20
BRDA:32,14,0,5
BRDA:35,15,0,15
BRDA:39,16,0,26
BRDA:40,17,0,14
BRDA:40,18,0,1
BRDA:40,19,0,12
BRDA:41,20,0,2
BRDA:41,21,0,2
BRDA:41,22,0,2
BRDA:43,23,0,1
BRDA:44,24,0,10
BRDA:48,25,0,14
BRDA:49,26,0,2
BRDA:54,27,0,12
BRDA:55,28,0,5
BRDA:55,29,0,7
BRDA:57,30,0,8
BRDA:58,31,0,4
BRDA:60,32,0,3
BRDA:64,33,0,1
BRDA:66,34,0,3
BRDA:71,35,0,7
BRDA:52,36,0,4
BRDA:75,37,0,18
BRDA:76,38,0,12
BRDA:76,39,0,6
BRDA:77,40,0,1
BRDA:77,41,0,5
BRDA:82,42,0,21
BRDA:83,43,0,1
BRDA:83,44,0,20
BRDA:84,45,0,2
BRDA:85,46,0,4
BRDA:87,47,0,1
BRDA:88,48,0,1
BRDA:90,49,0,18
BRDA:92,50,0,13
BRDA:92,51,0,5
BRDA:93,52,0,1
BRDA:93,53,0,4
BRDA:97,54,0,14
BRDA:98,55,0,2
BRDA:98,56,0,12
BRDA:99,57,0,1
BRDA:99,58,0,11
BRDA:100,59,0,1
BRDA:100,60,0,1
BRDA:100,61,0,1
BRDA:103,62,0,10
BRDA:107,63,0,13
BRDA:108,64,0,2
BRDA:108,65,0,11
BRDA:108,66,0,2
BRDA:116,67,0,1
BRDA:116,68,0,1
BRDA:116,69,0,5
BRDA:120,70,0,17
BRDA:127,71,0,20
BRDA:129,72,0,19
BRDA:129,73,0,2
BRDA:129,74,0,18
BRDA:131,75,0,1
BRDA:131,76,0,17
BRDA:135,77,0,1
BRDA:137,78,0,16
BRDA:139,79,0,3
BRDA:139,80,0,13
BRDA:141,81,0,6
BRDA:142,82,0,7
BRDA:159,83,0,4
BRDA:142,84,0,6
BRDA:164,85,0,3
BRF:86
BRH:86
end_of_record
TN:
SF:src/scaling.ts
FN:6,scaleQuantity
FNF:1
FNH:1
FNDA:6,scaleQuantity
DA:6,1
DA:7,6
DA:8,6
DA:9,6
DA:10,6
DA:11,6
DA:12,6
DA:13,4
DA:14,4
DA:15,4
LF:10
LH:10
BRDA:6,0,0,6
BRDA:11,1,0,1
BRDA:11,2,0,5
BRDA:12,3,0,1
BRDA:12,4,0,4
BRF:5
BRH:5
end_of_record
TN:
SF:src/schema.ts
FNF:0
FNH:0
DA:1,1
DA:4,1
DA:6,1
DA:7,1
DA:8,1
DA:9,1
DA:10,1
DA:12,1
DA:13,1
DA:15,1
DA:16,1
DA:17,1
DA:18,1
DA:19,1
DA:23,1
DA:24,1
DA:25,1
DA:26,1
DA:27,1
DA:28,1
DA:29,1
DA:30,1
DA:31,1
DA:35,1
DA:36,1
DA:37,1
DA:38,1
DA:39,1
DA:40,1
DA:41,1
DA:45,1
DA:46,1
DA:47,1
DA:48,1
DA:49,1
DA:50,1
DA:57,1
DA:58,1
DA:59,1
DA:60,1
DA:61,1
DA:62,1
DA:63,1
DA:67,1
DA:68,1
DA:69,1
DA:70,1
DA:71,1
DA:72,1
DA:73,1
DA:74,1
DA:75,1
DA:81,1
DA:85,1
DA:86,1
DA:87,1
DA:88,1
DA:89,1
DA:90,1
DA:94,1
DA:95,1
DA:96,1
DA:97,1
DA:98,1
DA:99,1
DA:100,1
DA:101,1
DA:105,1
DA:106,1
DA:107,1
DA:108,1
DA:109,1
DA:113,1
DA:114,1
DA:115,1
DA:116,1
DA:117,1
DA:120,1
DA:121,1
DA:122,1
DA:123,1
DA:124,1
DA:125,1
DA:126,1
DA:127,1
DA:128,1
DA:129,1
DA:130,1
DA:131,1
DA:132,1
DA:133,1
DA:134,1
DA:135,1
DA:136,1
DA:137,1
DA:138,1
DA:139,1
DA:141,1
DA:143,1
DA:146,1
DA:147,1
DA:148,1
DA:149,1
DA:155,1
DA:156,1
DA:157,1
DA:161,1
DA:162,1
DA:163,1
DA:164,1
DA:165,1
DA:166,1
DA:167,1
DA:171,1
LF:114
LH:114
BRF:0
BRH:0
end_of_record
TN:
SF:src/shopping.ts
FN:35,enrichShoppingList
FN:52,normalizeKey
FN:56,toGrams
FN:60,toMl
FN:66,tryMerge
FN:134,defaultResolver
FN:139,aggregateIngredients
FNF:7
FNH:7
FNDA:4,enrichShoppingList
FNDA:34,normalizeKey
FNDA:6,toGrams
FNDA:4,toMl
FNDA:21,tryMerge
FNDA:34,defaultResolver
FNDA:20,aggregateIngredients
DA:2,1
DA:3,1
DA:4,1
DA:5,1
DA:35,1
DA:36,4
DA:37,4
DA:38,4
DA:39,4
DA:40,4
DA:41,5
DA:42,5
DA:43,5
DA:44,5
DA:45,5
DA:46,5
DA:47,5
DA:48,5
DA:49,4
DA:50,4
DA:52,34
DA:53,34
DA:54,34
DA:56,6
DA:57,6
DA:58,6
DA:60,4
DA:61,4
DA:62,4
DA:66,21
DA:67,21
DA:70,7
DA:71,7
DA:72,7
DA:74,21
DA:75,14
DA:76,2
DA:77,2
DA:78,2
DA:79,14
DA:80,6
DA:81,6
DA:82,4
DA:83,6
DA:84,2
DA:85,2
DA:86,14
DA:88,7
DA:91,21
DA:92,5
DA:93,5
DA:94,5
DA:95,5
DA:96,5
DA:97,5
DA:100,21
DA:101,3
DA:102,3
DA:103,3
DA:106,21
DA:107,2
DA:108,2
DA:109,1
DA:110,1
DA:111,1
DA:113,1
DA:114,1
DA:115,1
DA:116,2
DA:119,21
DA:120,4
DA:121,4
DA:123,7
DA:124,7
DA:134,1
DA:135,34
DA:136,34
DA:137,34
DA:139,1
DA:140,20
DA:141,20
DA:142,20
DA:147,20
DA:148,20
DA:150,20
DA:151,39
DA:152,37
DA:153,39
DA:154,39
DA:155,39
DA:156,39
DA:157,9
DA:158,9
DA:159,8
DA:160,1
DA:161,39
DA:162,28
DA:163,28
DA:164,39
DA:167,20
DA:168,20
DA:169,28
DA:170,28
DA:171,28
DA:172,28
DA:175,20
DA:176,20
DA:178,21
DA:179,21
DA:181,20
DA:182,20
LF:111
LH:111
BRDA:35,0,0,4
BRDA:40,1,0,5
BRDA:52,2,0,34
BRDA:56,3,0,6
BRDA:60,4,0,4
BRDA:66,5,0,21
BRDA:67,6,0,14
BRDA:67,7,0,7
BRDA:74,8,0,14
BRDA:75,9,0,2
BRDA:78,10,0,12
BRDA:79,11,0,11
BRDA:79,12,0,6
BRDA:81,13,0,5
BRDA:81,14,0,4
BRDA:83,15,0,2
BRDA:86,16,0,7
BRDA:91,17,0,5
BRDA:97,18,0,7
BRDA:100,19,0,3
BRDA:103,20,0,7
BRDA:106,21,0,5
BRDA:106,22,0,2
BRDA:106,23,0,2
BRDA:108,24,0,1
BRDA:116,25,0,7
BRDA:119,26,0,4
BRDA:121,27,0,7
BRDA:93,28,0,6
BRDA:101,29,0,4
BRDA:109,30,0,1
BRDA:110,31,0,2
BRDA:134,32,0,34
BRDA:139,33,0,20
BRDA:150,34,0,39
BRDA:151,35,0,35
BRDA:151,36,0,2
BRDA:151,37,0,37
BRDA:153,38,0,21
BRDA:153,39,0,37
BRDA:154,40,0,5
BRDA:156,41,0,9
BRDA:158,42,0,8
BRDA:158,43,0,8
BRDA:159,44,0,1
BRDA:161,45,0,28
BRDA:168,46,0,28
BRDA:170,47,0,21
BRDA:176,48,0,21
BRDA:181,49,0,10
BRF:50
BRH:50
end_of_record
TN:
SF:src/taxonomy.ts
FNF:0
FNH:0
DA:1,1
DA:4,1
DA:5,1
DA:6,1
DA:7,1
DA:8,1
DA:9,1
DA:10,1
DA:11,1
DA:14,1
DA:18,1
DA:19,1
DA:20,1
DA:21,1
DA:22,1
DA:23,1
DA:24,1
DA:25,1
DA:26,1
DA:29,1
DA:30,1
DA:31,1
DA:32,1
DA:33,1
DA:34,1
DA:35,1
DA:38,1
DA:41,1
DA:42,1
DA:43,1
DA:44,1
DA:45,1
DA:46,1
DA:47,1
DA:48,1
DA:49,1
DA:50,1
DA:51,1
DA:52,1
DA:53,1
DA:56,1
DA:57,1
DA:58,1
DA:59,1
DA:60,1
DA:61,1
DA:65,1
DA:66,1
DA:67,1
DA:68,1
DA:69,1
DA:70,1
DA:71,1
DA:72,1
DA:73,1
DA:74,1
DA:77,1
DA:78,1
DA:79,1
DA:80,1
DA:81,1
DA:85,1
DA:88,1
DA:89,1
DA:90,1
DA:91,1
DA:92,1
DA:93,1
DA:97,1
DA:98,1
DA:102,1
DA:103,1
DA:104,1
DA:105,1
DA:106,1
DA:107,1
DA:108,1
DA:109,1
DA:112,1
DA:113,1
DA:114,1
DA:115,1
DA:116,1
DA:120,1
DA:121,1
DA:122,1
DA:123,1
DA:124,1
DA:125,1
DA:126,1
DA:127,1
DA:130,1
DA:131,1
DA:132,1
DA:133,1
DA:134,1
LF:96
LH:96
BRF:0
BRH:0
end_of_record
TN:
SF:src/units.ts
FN:22,convertUnit
FNF:1
FNH:1
FNDA:15,convertUnit
DA:4,1
DA:5,1
DA:6,1
DA:7,1
DA:8,1
DA:9,1
DA:10,1
DA:12,1
DA:13,1
DA:14,1
DA:15,1
DA:22,1
DA:23,15
DA:24,15
DA:25,15
DA:28,8
DA:29,8
DA:30,15
DA:31,5
DA:32,5
DA:35,3
DA:36,3
DA:37,15
DA:38,2
DA:39,2
DA:42,1
DA:43,1
LF:27
LH:27
BRDA:22,0,0,15
BRDA:23,1,0,1
BRDA:23,2,0,14
BRDA:24,3,0,2
BRDA:24,4,0,12
BRDA:25,5,0,10
BRDA:25,6,0,4
BRDA:25,7,0,13
BRDA:25,8,0,8
BRDA:30,9,0,6
BRDA:30,10,0,5
BRDA:32,11,0,12
BRDA:32,12,0,3
BRDA:37,13,0,2
BRDA:37,14,0,12
BRDA:37,15,0,2
BRDA:39,16,0,1
BRF:17
BRH:17
end_of_record
