TN:
SF:src/db/index.ts
FN:7,getDb
FN:19,resetDb
FNF:2
FNH:2
FNDA:177,getDb
FNDA:8,resetDb
DA:1,1
DA:2,1
DA:3,1
DA:5,1
DA:7,1
DA:8,177
DA:9,8
DA:10,8
DA:11,7
DA:12,7
DA:13,7
DA:14,176
DA:15,176
DA:19,1
DA:20,8
DA:21,8
LF:16
LH:16
BRDA:7,0,0,177
BRDA:8,1,0,8
BRDA:10,2,0,1
BRDA:10,3,0,7
BRDA:13,4,0,176
BRDA:19,5,0,8
BRF:6
BRH:6
end_of_record
TN:
SF:src/db/menu-repository.ts
FN:14,mapToMenuEntry
FN:28,addDays
FN:35,get db
FN:39,upsert
FN:73,remove
FN:89,getWeek
FN:123,getScaledIngredients
FNF:7
FNH:7
FNDA:9,mapToMenuEntry
FNDA:7,addDays
FNDA:16,get db
FNDA:7,upsert
FNDA:2,remove
FNDA:4,getWeek
FNDA:3,getScaledIngredients
DA:1,1
DA:9,1
DA:14,9
DA:15,9
DA:16,9
DA:17,9
DA:18,9
DA:19,9
DA:20,9
DA:21,9
DA:22,9
DA:23,9
DA:24,9
DA:25,9
DA:26,9
DA:28,7
DA:29,7
DA:30,7
DA:31,7
DA:32,7
DA:34,1
DA:35,1
DA:36,16
DA:37,16
DA:39,1
DA:40,7
DA:42,7
DA:43,7
DA:44,7
DA:45,7
DA:46,7
DA:47,7
DA:48,7
DA:49,7
DA:50,7
DA:51,7
DA:52,7
DA:53,7
DA:54,7
DA:55,7
DA:56,7
DA:57,7
DA:58,7
DA:59,7
DA:64,7
DA:65,7
DA:66,7
DA:67,7
DA:68,7
DA:70,7
DA:71,7
DA:73,1
DA:74,2
DA:75,2
DA:76,2
DA:77,2
DA:78,2
DA:79,2
DA:80,2
DA:81,2
DA:82,2
DA:83,2
DA:84,2
DA:86,2
DA:87,2
DA:89,1
DA:90,4
DA:91,4
DA:93,4
DA:94,4
DA:95,4
DA:96,4
DA:97,4
DA:98,4
DA:99,4
DA:100,4
DA:101,4
DA:102,4
DA:104,4
DA:106,2
DA:107,2
DA:108,2
DA:109,2
DA:110,2
DA:112,2
DA:114,2
DA:119,2
DA:120,2
DA:121,4
DA:123,1
DA:124,3
DA:125,3
DA:127,3
DA:128,3
DA:129,3
DA:130,3
DA:131,3
DA:132,3
DA:133,3
DA:134,3
DA:135,3
DA:136,3
DA:137,3
DA:138,3
DA:139,3
DA:140,3
DA:141,3
DA:143,3
DA:145,2
DA:146,2
DA:147,2
DA:148,2
DA:149,2
DA:151,2
DA:152,3
DA:153,5
DA:154,5
DA:155,5
DA:156,10
DA:157,10
DA:158,10
DA:159,10
DA:160,10
DA:161,10
DA:162,10
DA:163,5
DA:165,2
DA:166,3
DA:167,1
DA:169,1
LF:130
LH:130
BRDA:14,0,0,9
BRDA:28,1,0,7
BRDA:35,2,0,16
BRDA:39,3,0,7
BRDA:62,4,0,1
BRDA:73,5,0,2
BRDA:89,6,0,4
BRDA:104,7,0,2
BRDA:106,8,0,2
BRDA:112,9,0,2
BRDA:114,10,0,2
BRDA:117,11,0,1
BRDA:123,12,0,3
BRDA:143,13,0,1
BRDA:143,14,0,2
BRDA:152,15,0,5
BRDA:155,16,0,10
BRDA:156,17,0,9
BRDA:156,18,0,1
BRDA:159,19,0,9
BRDA:159,20,0,1
BRDA:160,21,0,1
BRDA:163,22,0,2
BRDA:145,23,0,5
BRDA:154,24,0,16
BRF:25
BRH:25
end_of_record
TN:
SF:src/db/repository.ts
FN:9,mapToRecipe
FN:51,get db
FN:55,create
FN:86,insertIngredients
FN:107,insertSteps
FN:125,findById
FN:145,list
FN:182,search
FN:245,update
FN:289,delete
FN:299,upsert
FNF:11
FNH:11
FNDA:45,mapToRecipe
FNDA:78,get db
FNDA:11,create
FNDA:13,insertIngredients
FNDA:14,insertSteps
FNDA:13,findById
FNDA:3,list
FNDA:6,search
FNDA:4,update
FNDA:2,delete
FNDA:13,upsert
DA:1,1
DA:3,1
DA:9,45
DA:10,45
DA:11,45
DA:12,45
DA:13,45
DA:14,45
DA:17,45
DA:18,45
DA:19,45
DA:22,45
DA:23,45
DA:24,45
DA:27,45
DA:28,45
DA:29,45
DA:30,45
DA:31,82
DA:32,82
DA:33,82
DA:34,82
DA:35,82
DA:36,82
DA:37,45
DA:38,45
DA:39,45
DA:40,45
DA:41,61
DA:42,61
DA:43,61
DA:44,45
DA:45,45
DA:46,45
DA:47,45
DA:48,45
DA:50,1
DA:51,1
DA:52,78
DA:53,78
DA:55,1
DA:56,11
DA:57,11
DA:58,11
DA:59,11
DA:60,11
DA:61,11
DA:62,11
DA:63,11
DA:64,11
DA:65,11
DA:66,11
DA:67,11
DA:68,11
DA:69,11
DA:70,11
DA:71,11
DA:72,11
DA:73,11
DA:74,11
DA:75,11
DA:80,11
DA:81,11
DA:83,11
DA:84,11
DA:86,1
DA:89,13
DA:90,13
DA:91,13
DA:92,13
DA:93,13
DA:94,23
DA:95,23
DA:96,23
DA:97,23
DA:98,23
DA:99,23
DA:100,23
DA:101,23
DA:102,13
DA:103,13
DA:104,13
DA:105,13
DA:107,1
DA:110,13
DA:111,13
DA:112,13
DA:113,13
DA:114,13
DA:115,19
DA:116,19
DA:117,19
DA:118,19
DA:119,19
DA:120,13
DA:121,13
DA:122,13
DA:123,14
DA:125,1
DA:126,13
DA:127,13
DA:128,13
DA:129,13
DA:130,13
DA:131,13
DA:133,13
DA:135,10
DA:136,10
DA:137,10
DA:138,10
DA:140,10
DA:142,10
DA:143,13
DA:145,1
DA:146,3
DA:148,3
DA:149,3
DA:150,3
DA:151,3
DA:152,3
DA:153,3
DA:155,3
DA:157,2
DA:159,2
DA:160,2
DA:161,2
DA:162,2
DA:163,2
DA:164,2
DA:166,2
DA:167,2
DA:168,2
DA:169,2
DA:170,2
DA:171,2
DA:173,2
DA:174,10
DA:175,10
DA:176,10
DA:177,10
DA:178,10
DA:179,2
DA:180,3
DA:182,1
DA:183,6
DA:184,6
DA:185,6
DA:186,6
DA:188,6
DA:190,6
DA:191,3
DA:192,3
DA:194,6
DA:195,1
DA:196,1
DA:198,6
DA:199,1
DA:200,1
DA:202,6
DA:203,6
DA:204,6
DA:205,6
DA:206,6
DA:208,6
DA:210,5
DA:212,5
DA:213,5
DA:214,5
DA:215,5
DA:216,5
DA:217,5
DA:219,5
DA:220,5
DA:221,5
DA:222,5
DA:223,5
DA:224,5
DA:226,5
DA:227,14
DA:228,14
DA:229,14
DA:230,14
DA:231,14
DA:232,5
DA:235,6
DA:236,1
DA:237,1
DA:238,5
DA:239,1
DA:240,1
DA:242,5
DA:243,6
DA:245,1
DA:246,4
DA:248,4
DA:249,4
DA:251,3
DA:252,3
DA:253,3
DA:254,3
DA:255,4
DA:256,4
DA:257,4
DA:258,4
DA:259,4
DA:260,4
DA:261,4
DA:262,4
DA:263,4
DA:264,4
DA:265,4
DA:266,4
DA:267,4
DA:268,4
DA:269,4
DA:270,4
DA:276,4
DA:277,2
DA:278,2
DA:279,2
DA:281,3
DA:282,3
DA:283,3
DA:284,3
DA:286,3
DA:287,4
DA:289,1
DA:290,2
DA:291,2
DA:292,2
DA:293,2
DA:294,2
DA:296,2
DA:297,2
DA:299,1
DA:300,13
DA:303,13
DA:304,4
DA:305,4
DA:307,4
DA:308,2
DA:309,2
DA:310,4
DA:311,2
DA:312,2
DA:314,4
DA:315,4
DA:316,4
DA:317,4
DA:318,4
DA:319,4
DA:321,4
DA:322,2
DA:325,2
DA:326,2
DA:327,4
DA:328,4
DA:331,11
DA:334,13
DA:335,2
DA:336,2
DA:337,2
DA:338,2
DA:339,2
DA:340,2
DA:341,2
DA:343,11
DA:344,13
DA:345,1
DA:348,1
LF:270
LH:270
BRDA:9,0,0,45
BRDA:16,1,0,1
BRDA:17,2,0,34
BRDA:18,3,0,37
BRDA:19,4,0,21
BRDA:21,5,0,1
BRDA:22,6,0,37
BRDA:23,7,0,37
BRDA:26,8,0,1
BRDA:27,9,0,34
BRDA:29,10,0,37
BRDA:30,11,0,82
BRDA:32,12,0,75
BRDA:32,13,0,7
BRDA:33,14,0,7
BRDA:34,15,0,77
BRDA:35,16,0,77
BRDA:36,17,0,77
BRDA:39,18,0,19
BRDA:40,19,0,61
BRDA:42,20,0,56
BRDA:43,21,0,56
BRDA:51,22,0,78
BRDA:55,23,0,11
BRDA:65,24,0,9
BRDA:66,25,0,10
BRDA:67,26,0,7
BRDA:69,27,0,10
BRDA:70,28,0,10
BRDA:73,29,0,9
BRDA:78,30,0,1
BRDA:86,31,0,13
BRDA:88,32,0,1
BRDA:93,33,0,23
BRDA:97,34,0,21
BRDA:97,35,0,2
BRDA:98,36,0,2
BRDA:99,37,0,22
BRDA:100,38,0,22
BRDA:101,39,0,22
BRDA:107,40,0,14
BRDA:109,41,0,1
BRDA:109,42,0,1
BRDA:114,43,0,19
BRDA:118,44,0,18
BRDA:119,45,0,18
BRDA:125,46,0,13
BRDA:133,47,0,12
BRDA:133,48,0,3
BRDA:133,49,0,10
BRDA:145,50,0,3
BRDA:155,51,0,2
BRDA:155,52,0,1
BRDA:157,53,0,10
BRDA:163,54,0,10
BRDA:170,55,0,10
BRDA:173,56,0,10
BRDA:176,57,0,112
BRDA:177,58,0,94
BRDA:182,59,0,6
BRDA:190,60,0,3
BRDA:194,61,0,1
BRDA:198,62,0,1
BRDA:208,63,0,1
BRDA:208,64,0,5
BRDA:235,65,0,1
BRDA:240,66,0,5
BRDA:210,67,0,14
BRDA:216,68,0,14
BRDA:223,69,0,14
BRDA:226,70,0,14
BRDA:229,71,0,101
BRDA:230,72,0,59
BRDA:237,73,0,5
BRDA:238,74,0,5
BRDA:245,75,0,4
BRDA:249,76,0,1
BRDA:249,77,0,3
BRDA:255,78,0,3
BRDA:256,79,0,2
BRDA:257,80,0,3
BRDA:258,81,0,1
BRDA:259,82,0,1
BRDA:260,83,0,2
BRDA:261,84,0,3
BRDA:262,85,0,1
BRDA:263,86,0,1
BRDA:264,87,0,3
BRDA:265,88,0,3
BRDA:266,89,0,2
BRDA:270,90,0,3
BRDA:273,91,0,1
BRDA:273,92,0,1
BRDA:276,93,0,2
BRDA:279,94,0,3
BRDA:289,95,0,2
BRDA:299,96,0,13
BRDA:303,97,0,4
BRDA:303,98,0,11
BRDA:303,99,0,2
BRDA:303,100,0,11
BRDA:303,101,0,4
BRDA:307,102,0,2
BRDA:310,103,0,2
BRDA:321,104,0,2
BRDA:324,105,0,1
BRDA:334,106,0,2
BRDA:334,107,0,10
BRDA:334,108,0,1
BRDA:334,109,0,2
BRDA:338,110,0,1
BRDA:339,111,0,1
BRDA:341,112,0,11
BRF:113
BRH:113
end_of_record
TN:
SF:src/middleware/auth.ts
FNF:0
FNH:0
DA:2,1
DA:3,1
DA:4,1
DA:5,1
DA:6,1
DA:14,1
DA:15,326
DA:16,326
DA:17,5
DA:18,5
DA:19,321
DA:20,321
DA:22,321
DA:23,321
DA:24,321
DA:25,321
DA:26,321
DA:27,321
DA:28,321
DA:30,326
DA:31,2
DA:32,2
DA:34,81
DA:35,326
DA:37,238
DA:38,238
DA:39,236
DA:40,238
DA:41,2
DA:42,2
DA:43,238
DA:45,317
DA:46,317
LF:33
LH:33
BRDA:14,0,0,326
BRDA:16,1,0,322
BRDA:16,2,0,5
BRDA:18,3,0,325
BRDA:18,4,0,321
BRDA:28,5,0,83
BRDA:30,6,0,84
BRDA:30,7,0,2
BRDA:32,8,0,81
BRDA:35,9,0,238
BRDA:38,10,0,237
BRDA:38,11,0,236
BRDA:40,12,0,2
BRDA:43,13,0,317
BRF:14
BRH:14
end_of_record
TN:
SF:src/middleware/rateLimit.ts
FNF:0
FNH:0
DA:1,1
DA:3,1
DA:4,1
DA:5,1
DA:7,1
DA:8,148
DA:9,148
DA:10,148
DA:12,148
DA:13,148
DA:14,1
DA:15,1
DA:16,147
DA:17,147
DA:19,147
DA:20,147
LF:16
LH:16
BRDA:7,0,0,148
BRDA:12,1,0,21
BRDA:13,2,0,1
BRDA:15,3,0,147
BRDA:12,4,0,5225
BRF:5
BRH:5
end_of_record
TN:
SF:src/routes/health.ts
FNF:0
FNH:0
DA:1,1
DA:3,1
DA:5,1
DA:6,1
DA:7,1
DA:8,1
DA:9,1
DA:10,1
DA:11,1
DA:12,1
DA:13,1
DA:14,1
DA:16,1
LF:13
LH:13
BRDA:16,0,0,1
BRF:1
BRH:1
end_of_record
TN:
SF:src/routes/menu.ts
FNF:0
FNH:0
DA:1,1
DA:2,1
DA:8,1
DA:9,1
DA:10,1
DA:12,1
DA:14,1
DA:15,1
DA:17,1
DA:20,1
DA:21,1
DA:22,1
DA:23,1
DA:24,1
DA:25,1
DA:26,1
DA:27,1
DA:28,1
DA:29,1
DA:30,1
DA:31,1
DA:32,1
DA:33,1
DA:34,1
DA:35,1
DA:36,1
DA:37,1
DA:38,1
DA:39,1
DA:40,1
DA:42,1
DA:43,8
DA:44,8
DA:45,8
DA:46,8
DA:47,8
DA:50,1
DA:51,1
DA:52,1
DA:53,1
DA:54,1
DA:55,1
DA:56,1
DA:57,1
DA:58,1
DA:59,1
DA:60,1
DA:61,1
DA:62,1
DA:63,1
DA:64,1
DA:65,1
DA:66,1
DA:67,1
DA:69,1
DA:70,4
DA:71,4
DA:72,4
DA:73,4
DA:74,2
DA:75,2
DA:78,1
DA:79,1
DA:80,1
DA:81,1
DA:82,1
DA:83,1
DA:84,1
DA:85,1
DA:86,1
DA:87,1
DA:88,1
DA:89,1
DA:90,1
DA:91,1
DA:92,1
DA:93,1
DA:95,1
DA:96,6
DA:97,6
DA:98,6
DA:99,6
DA:100,6
DA:103,1
DA:104,1
DA:105,1
DA:106,1
DA:107,1
DA:109,1
DA:110,1
DA:111,1
DA:112,1
DA:113,1
DA:114,1
DA:115,1
DA:116,1
DA:117,1
DA:118,1
DA:119,1
DA:120,1
DA:121,1
DA:122,1
DA:123,1
DA:124,1
DA:126,1
DA:127,5
DA:128,5
DA:129,5
DA:130,5
DA:131,5
DA:132,5
LF:111
LH:111
BRDA:42,0,0,8
BRDA:69,1,0,4
BRDA:73,2,0,2
BRDA:95,3,0,6
BRDA:126,4,0,5
BRF:5
BRH:5
end_of_record
TN:
SF:src/routes/recipes.ts
FNF:0
FNH:0
DA:1,1
DA:2,1
DA:3,1
DA:4,1
DA:5,1
DA:6,1
DA:8,1
DA:11,1
DA:12,1
DA:15,1
DA:16,1
DA:18,1
DA:21,1
DA:22,1
DA:23,1
DA:24,1
DA:25,1
DA:26,1
DA:27,1
DA:28,1
DA:29,1
DA:30,1
DA:31,1
DA:32,1
DA:33,1
DA:34,1
DA:35,1
DA:36,1
DA:37,1
DA:38,1
DA:39,1
DA:40,1
DA:41,1
DA:42,1
DA:43,1
DA:44,1
DA:45,1
DA:47,1
DA:48,16
DA:49,16
DA:51,16
DA:52,16
DA:53,16
DA:56,1
DA:57,1
DA:58,1
DA:59,1
DA:60,1
DA:61,1
DA:62,1
DA:63,1
DA:64,1
DA:65,1
DA:66,1
DA:67,1
DA:68,1
DA:69,1
DA:70,1
DA:71,1
DA:72,1
DA:73,1
DA:74,1
DA:76,1
DA:77,7
DA:78,7
DA:79,7
DA:80,7
DA:81,7
DA:84,1
DA:85,1
DA:86,1
DA:87,1
DA:88,1
DA:89,1
DA:90,1
DA:91,1
DA:92,1
DA:93,1
DA:94,1
DA:95,1
DA:96,1
DA:97,1
DA:98,1
DA:99,1
DA:100,1
DA:102,1
DA:103,107
DA:104,107
DA:105,107
DA:106,107
DA:107,107
DA:110,1
DA:111,1
DA:112,1
DA:113,1
DA:114,1
DA:115,1
DA:116,1
DA:117,1
DA:118,1
DA:119,1
DA:120,1
DA:121,1
DA:122,1
DA:123,1
DA:124,1
DA:125,1
DA:126,1
DA:127,1
DA:129,1
DA:130,8
DA:131,8
DA:132,8
DA:133,8
DA:134,5
DA:135,5
DA:138,1
DA:139,1
DA:140,1
DA:141,1
DA:142,1
DA:143,1
DA:144,1
DA:145,1
DA:146,1
DA:147,1
DA:148,1
DA:149,1
DA:150,1
DA:151,1
DA:152,1
DA:153,1
DA:154,1
DA:155,1
DA:156,1
DA:157,1
DA:158,1
DA:159,1
DA:161,1
DA:162,4
DA:163,4
DA:164,4
DA:165,4
DA:166,4
DA:167,2
DA:168,2
DA:171,1
DA:172,1
DA:173,1
DA:174,1
DA:175,1
DA:176,1
DA:177,1
DA:178,1
DA:179,1
DA:180,1
DA:181,1
DA:182,1
DA:183,1
DA:184,1
DA:185,1
DA:186,1
DA:187,1
DA:189,1
DA:190,4
DA:191,4
DA:192,4
DA:193,4
DA:194,3
DA:195,3
LF:170
LH:170
BRDA:47,0,0,16
BRDA:52,1,0,13
BRDA:52,2,0,3
BRDA:76,3,0,7
BRDA:102,4,0,107
BRDA:129,5,0,8
BRDA:133,6,0,5
BRDA:133,7,0,3
BRDA:161,8,0,4
BRDA:166,9,0,2
BRDA:189,10,0,4
BRDA:193,11,0,3
BRDA:193,12,0,1
BRF:13
BRH:13
end_of_record
